# do {tb_compile.do}
# ** Warning: (vlib-34) Library already exists at "modelsim_lib/work".
# 
# ** Warning: (vlib-34) Library already exists at "modelsim_lib/msim".
# 
# ** Warning: (vlib-34) Library already exists at "modelsim_lib/msim/xil_defaultlib".
# 
# Model Technology ModelSim SE-64 vmap 10.4 Lib Mapping Utility 2014.12 Dec  3 2014
# vmap xil_defaultlib modelsim_lib/msim/xil_defaultlib 
# Modifying modelsim.ini
# Model Technology ModelSim SE-64 vlog 10.4 Compiler 2014.12 Dec  3 2014
# Start time: 16:16:24 on Nov 09,2023
# vlog -64 -incr -work xil_defaultlib ../../../../filter_lms.srcs/sources_1/new/Top.v ../../../../filter_lms.srcs/sources_1/new/data.v ../../../../filter_lms.srcs/sources_1/new/error.v ../../../../filter_lms.srcs/sources_1/new/filter_out.v ../../../../filter_lms.srcs/sources_1/new/w_update.v ../../../../filter_lms.srcs/sim_1/new/tb.v 
# -- Compiling module Top
# -- Compiling module data
# -- Compiling module error
# -- Compiling module filter_out
# -- Compiling module w_update
# -- Compiling module tb
# 
# Top level modules:
# 	tb
# End time: 16:16:24 on Nov 09,2023, Elapsed time: 0:00:00
# Errors: 0, Warnings: 0
# Model Technology ModelSim SE-64 vlog 10.4 Compiler 2014.12 Dec  3 2014
# Start time: 16:16:24 on Nov 09,2023
# vlog -work xil_defaultlib glbl.v 
# -- Compiling module glbl
# 
# Top level modules:
# 	glbl
# End time: 16:16:24 on Nov 09,2023, Elapsed time: 0:00:00
# Errors: 0, Warnings: 0
